[0123/094916.176:ERROR:directory_reader_win.cc(43)] FindFirstFile: The system cannot find the path specified. (0x3)
[0123/182209.712:ERROR:directory_reader_win.cc(43)] FindFirstFile: The system cannot find the path specified. (0x3)
[0123/185304.489:ERROR:process_memory_win.cc(73)] ReadMemory at 0x7ff63b790000 of 64 bytes failed: Only part of a ReadProcessMemory or WriteProcessMemory request was completed. (0x12B)
[0123/185305.281:WARNING:pe_image_reader.cc(340)] could not read dos header from C:\Program Files (x86)\Google\Chrome\Application\chrome.exe
[0123/185305.281:ERROR:process_memory_win.cc(73)] ReadMemory at 0x7ff816780000 of 64 bytes failed: Only part of a ReadProcessMemory or WriteProcessMemory request was completed. (0x12B)
[0123/185305.393:WARNING:pe_image_reader.cc(340)] could not read dos header from C:\WINDOWS\SYSTEM32\ntdll.dll
[0123/185305.393:ERROR:process_memory_win.cc(73)] ReadMemory at 0x7ff814c10000 of 64 bytes failed: Only part of a ReadProcessMemory or WriteProcessMemory request was completed. (0x12B)
[0123/185305.393:WARNING:pe_image_reader.cc(340)] could not read dos header from C:\WINDOWS\System32\KERNEL32.DLL
[0123/185305.394:ERROR:process_memory_win.cc(73)] ReadMemory at 0x7ff814530000 of 64 bytes failed: Only part of a ReadProcessMemory or WriteProcessMemory request was completed. (0x12B)
[0123/185305.394:WARNING:pe_image_reader.cc(340)] could not read dos header from C:\WINDOWS\System32\KERNELBASE.dll
[0123/185305.394:ERROR:process_memory_win.cc(73)] ReadMemory at 0x7fffee540000 of 64 bytes failed: Only part of a ReadProcessMemory or WriteProcessMemory request was completed. (0x12B)
[0123/185305.394:WARNING:pe_image_reader.cc(340)] could not read dos header from C:\Program Files (x86)\Google\Chrome\Application\87.0.4280.141\chrome_elf.dll
[0123/185305.394:ERROR:process_memory_win.cc(73)] ReadMemory at 0x7ff809920000 of 64 bytes failed: Only part of a ReadProcessMemory or WriteProcessMemory request was completed. (0x12B)
[0123/185305.394:WARNING:pe_image_reader.cc(340)] could not read dos header from C:\WINDOWS\SYSTEM32\VERSION.dll
[0123/185305.395:ERROR:process_memory_win.cc(73)] ReadMemory at 0x7ff815fb0000 of 64 bytes failed: Only part of a ReadProcessMemory or WriteProcessMemory request was completed. (0x12B)
[0123/185305.395:WARNING:pe_image_reader.cc(340)] could not read dos header from C:\WINDOWS\System32\msvcrt.dll
[0123/185305.396:ERROR:process_memory_win.cc(73)] ReadMemory at 0x7ff8144a0000 of 64 bytes failed: Only part of a ReadProcessMemory or WriteProcessMemory request was completed. (0x12B)
[0123/185305.396:WARNING:pe_image_reader.cc(340)] could not read dos header from C:\WINDOWS\System32\bcryptPrimitives.dll
[0123/185305.396:ERROR:process_memory_win.cc(73)] ReadMemory at 0x7ff8148e0000 of 64 bytes failed: Only part of a ReadProcessMemory or WriteProcessMemory request was completed. (0x12B)
[0123/185305.396:WARNING:pe_image_reader.cc(340)] could not read dos header from C:\WINDOWS\System32\ADVAPI32.dll
[0123/185305.396:ERROR:process_memory_win.cc(73)] ReadMemory at 0x7ff814ce0000 of 64 bytes failed: Only part of a ReadProcessMemory or WriteProcessMemory request was completed. (0x12B)
[0123/185305.397:WARNING:pe_image_reader.cc(340)] could not read dos header from C:\WINDOWS\System32\sechost.dll
[0123/185305.397:ERROR:process_memory_win.cc(73)] ReadMemory at 0x7ff814ff0000 of 64 bytes failed: Only part of a ReadProcessMemory or WriteProcessMemory request was completed. (0x12B)
[0123/185305.397:WARNING:pe_image_reader.cc(340)] could not read dos header from C:\WINDOWS\System32\RPCRT4.dll
[0123/185305.397:ERROR:process_memory_win.cc(73)] ReadMemory at 0x7fffc3c20000 of 64 bytes failed: Only part of a ReadProcessMemory or WriteProcessMemory request was completed. (0x12B)
[0123/185305.397:WARNING:pe_image_reader.cc(340)] could not read dos header from C:\Program Files (x86)\Google\Chrome\Application\87.0.4280.141\chrome.dll
[0123/185305.398:ERROR:process_memory_win.cc(73)] ReadMemory at 0x7ff815e70000 of 64 bytes failed: Only part of a ReadProcessMemory or WriteProcessMemory request was completed. (0x12B)
[0123/185305.398:WARNING:pe_image_reader.cc(340)] could not read dos header from C:\WINDOWS\System32\WS2_32.dll
[0123/185305.398:ERROR:process_memory_win.cc(73)] ReadMemory at 0x7ff815ee0000 of 64 bytes failed: Only part of a ReadProcessMemory or WriteProcessMemory request was completed. (0x12B)
[0123/185305.398:WARNING:pe_image_reader.cc(340)] could not read dos header from C:\WINDOWS\System32\OLEAUT32.dll
[0123/185305.398:ERROR:process_memory_win.cc(73)] ReadMemory at 0x7ff813ed0000 of 64 bytes failed: Only part of a ReadProcessMemory or WriteProcessMemory request was completed. (0x12B)
[0123/185305.398:WARNING:pe_image_reader.cc(340)] could not read dos header from C:\WINDOWS\System32\msvcp_win.dll
[0123/185305.398:ERROR:process_memory_win.cc(73)] ReadMemory at 0x7ff814020000 of 64 bytes failed: Only part of a ReadProcessMemory or WriteProcessMemory request was completed. (0x12B)
[0123/185305.398:WARNING:pe_image_reader.cc(340)] could not read dos header from C:\WINDOWS\System32\ucrtbase.dll
[0123/185305.398:ERROR:process_memory_win.cc(73)] ReadMemory at 0x7ff816400000 of 64 bytes failed: Only part of a ReadProcessMemory or WriteProcessMemory request was completed. (0x12B)
[0123/185305.398:WARNING:pe_image_reader.cc(340)] could not read dos header from C:\WINDOWS\System32\combase.dll
[0123/185305.399:ERROR:process_memory_win.cc(73)] ReadMemory at 0x7ff814270000 of 64 bytes failed: Only part of a ReadProcessMemory or WriteProcessMemory request was completed. (0x12B)
[0123/185305.399:WARNING:pe_image_reader.cc(340)] could not read dos header from C:\WINDOWS\System32\WINTRUST.dll
[0123/185305.399:ERROR:process_memory_win.cc(73)] ReadMemory at 0x7ff813640000 of 64 bytes failed: Only part of a ReadProcessMemory or WriteProcessMemory request was completed. (0x12B)
[0123/185305.399:WARNING:pe_image_reader.cc(340)] could not read dos header from C:\WINDOWS\System32\MSASN1.dll
[0123/185305.399:ERROR:process_memory_win.cc(73)] ReadMemory at 0x7ff814120000 of 64 bytes failed: Only part of a ReadProcessMemory or WriteProcessMemory request was completed. (0x12B)
[0123/185305.399:WARNING:pe_image_reader.cc(340)] could not read dos header from C:\WINDOWS\System32\CRYPT32.dll
[0123/185305.399:ERROR:process_memory_win.cc(73)] ReadMemory at 0x7ff8120c0000 of 64 bytes failed: Only part of a ReadProcessMemory or WriteProcessMemory request was completed. (0x12B)
[0123/185305.399:WARNING:pe_image_reader.cc(340)] could not read dos header from C:\WINDOWS\SYSTEM32\dbghelp.dll
[0123/185305.400:ERROR:process_memory_win.cc(73)] ReadMemory at 0x7ff812b20000 of 64 bytes failed: Only part of a ReadProcessMemory or WriteProcessMemory request was completed. (0x12B)
[0123/185305.400:WARNING:pe_image_reader.cc(340)] could not read dos header from C:\WINDOWS\SYSTEM32\IPHLPAPI.DLL
[0123/185305.400:ERROR:process_memory_win.cc(73)] ReadMemory at 0x7ff806ad0000 of 64 bytes failed: Only part of a ReadProcessMemory or WriteProcessMemory request was completed. (0x12B)
[0123/185305.400:WARNING:pe_image_reader.cc(340)] could not read dos header from C:\WINDOWS\SYSTEM32\WINMM.dll
[0123/185305.400:ERROR:process_memory_win.cc(73)] ReadMemory at 0x7ffff15a0000 of 64 bytes failed: Only part of a ReadProcessMemory or WriteProcessMemory request was completed. (0x12B)
[0123/185305.400:WARNING:pe_image_reader.cc(340)] could not read dos header from C:\WINDOWS\SYSTEM32\UIAutomationCore.DLL
[0123/185305.400:ERROR:process_memory_win.cc(73)] ReadMemory at 0x7ff806b50000 of 64 bytes failed: Only part of a ReadProcessMemory or WriteProcessMemory request was completed. (0x12B)
[0123/185305.400:WARNING:pe_image_reader.cc(340)] could not read dos header from C:\WINDOWS\SYSTEM32\Secur32.dll
[0123/185305.401:ERROR:process_memory_win.cc(73)] ReadMemory at 0x7ff813510000 of 64 bytes failed: Only part of a ReadProcessMemory or WriteProcessMemory request was completed. (0x12B)
[0123/185305.401:WARNING:pe_image_reader.cc(340)] could not read dos header from C:\WINDOWS\SYSTEM32\USERENV.dll
[0123/185305.401:ERROR:process_memory_win.cc(73)] ReadMemory at 0x7ff813660000 of 64 bytes failed: Only part of a ReadProcessMemory or WriteProcessMemory request was completed. (0x12B)
[0123/185305.401:WARNING:pe_image_reader.cc(340)] could not read dos header from C:\WINDOWS\System32\profapi.dll
[0123/185305.401:ERROR:process_memory_win.cc(73)] ReadMemory at 0x7ffff8b70000 of 64 bytes failed: Only part of a ReadProcessMemory or WriteProcessMemory request was completed. (0x12B)
[0123/185305.401:WARNING:pe_image_reader.cc(340)] could not read dos header from C:\WINDOWS\SYSTEM32\DWrite.dll
[0123/185305.402:ERROR:process_memory_win.cc(73)] ReadMemory at 0x7ff80dea0000 of 64 bytes failed: Only part of a ReadProcessMemory or WriteProcessMemory request was completed. (0x12B)
[0123/185305.402:WARNING:pe_image_reader.cc(340)] could not read dos header from C:\WINDOWS\SYSTEM32\WINSPOOL.DRV
[0123/185305.402:ERROR:process_memory_win.cc(73)] ReadMemory at 0x7ff813690000 of 64 bytes failed: Only part of a ReadProcessMemory or WriteProcessMemory request was completed. (0x12B)
[0123/185305.402:WARNING:pe_image_reader.cc(340)] could not read dos header from C:\WINDOWS\System32\kernel.appcore.dll
[0123/185305.402:ERROR:process_memory_win.cc(73)] ReadMemory at 0x7ff813700000 of 64 bytes failed: Only part of a ReadProcessMemory or WriteProcessMemory request was completed. (0x12B)
[0123/185305.402:WARNING:pe_image_reader.cc(340)] could not read dos header from C:\WINDOWS\System32\bcrypt.dll
[0123/185305.402:ERROR:process_memory_win.cc(73)] ReadMemory at 0x7ff80da20000 of 64 bytes failed: Only part of a ReadProcessMemory or WriteProcessMemory request was completed. (0x12B)
[0123/185305.402:WARNING:pe_image_reader.cc(340)] could not read dos header from C:\WINDOWS\SYSTEM32\WINHTTP.dll
[0123/185305.402:ERROR:process_memory_win.cc(73)] ReadMemory at 0x7ff80db80000 of 64 bytes failed: Only part of a ReadProcessMemory or WriteProcessMemory request was completed. (0x12B)
[0123/185305.402:WARNING:pe_image_reader.cc(340)] could not read dos header from C:\WINDOWS\SYSTEM32\dhcpcsvc.DLL
[0123/185305.402:ERROR:process_memory_win.cc(73)] ReadMemory at 0x7ff8152d0000 of 64 bytes failed: Only part of a ReadProcessMemory or WriteProcessMemory request was completed. (0x12B)
[0123/185305.402:WARNING:pe_image_reader.cc(340)] could not read dos header from C:\WINDOWS\System32\NSI.dll
[0123/185305.402:ERROR:process_memory_win.cc(73)] ReadMemory at 0x7ff809590000 of 64 bytes failed: Only part of a ReadProcessMemory or WriteProcessMemory request was completed. (0x12B)
[0123/185305.402:WARNING:pe_image_reader.cc(340)] could not read dos header from C:\WINDOWS\SYSTEM32\WINMMBASE.dll
[0123/185305.403:ERROR:process_memory_win.cc(73)] ReadMemory at 0x7ff8147e0000 of 64 bytes failed: Only part of a ReadProcessMemory or WriteProcessMemory request was completed. (0x12B)
[0123/185305.403:WARNING:pe_image_reader.cc(340)] could not read dos header from C:\WINDOWS\System32\cfgmgr32.dll
[0123/185305.403:ERROR:process_memory_win.cc(73)] ReadMemory at 0x7ff80f240000 of 64 bytes failed: Only part of a ReadProcessMemory or WriteProcessMemory request was completed. (0x12B)
[0123/185305.403:WARNING:pe_image_reader.cc(340)] could not read dos header from C:\WINDOWS\SYSTEM32\PROPSYS.dll
[0123/185305.403:ERROR:process_memory_win.cc(73)] ReadMemory at 0x7ff814830000 of 64 bytes failed: Only part of a ReadProcessMemory or WriteProcessMemory request was completed. (0x12B)
[0123/185305.403:WARNING:pe_image_reader.cc(340)] could not read dos header from C:\WINDOWS\System32\shcore.dll
[0123/185305.403:ERROR:process_memory_win.cc(73)] ReadMemory at 0x7ff813540000 of 64 bytes failed: Only part of a ReadProcessMemory or WriteProcessMemory request was completed. (0x12B)
[0123/185305.403:WARNING:pe_image_reader.cc(340)] could not read dos header from C:\WINDOWS\SYSTEM32\SSPICLI.DLL
[0123/185305.403:ERROR:process_memory_win.cc(73)] ReadMemory at 0x7ff812fe0000 of 64 bytes failed: Only part of a ReadProcessMemory or WriteProcessMemory request was completed. (0x12B)
[0123/185305.403:WARNING:pe_image_reader.cc(340)] could not read dos header from C:\WINDOWS\SYSTEM32\CRYPTBASE.DLL
[0123/185305.717:ERROR:process_memory_win.cc(73)] ReadMemory at 0x7ff63b790000 of 64 bytes failed: Only part of a ReadProcessMemory or WriteProcessMemory request was completed. (0x12B)
[0123/185305.718:WARNING:pe_image_reader.cc(340)] could not read dos header from C:\Program Files (x86)\Google\Chrome\Application\chrome.exe
[0123/185305.718:ERROR:process_memory_win.cc(73)] ReadMemory at 0x7ff816780000 of 64 bytes failed: Only part of a ReadProcessMemory or WriteProcessMemory request was completed. (0x12B)
[0123/185305.718:WARNING:pe_image_reader.cc(340)] could not read dos header from C:\WINDOWS\SYSTEM32\ntdll.dll
[0123/185305.718:ERROR:process_memory_win.cc(73)] ReadMemory at 0x7ff814c10000 of 64 bytes failed: Only part of a ReadProcessMemory or WriteProcessMemory request was completed. (0x12B)
[0123/185305.718:WARNING:pe_image_reader.cc(340)] could not read dos header from C:\WINDOWS\System32\KERNEL32.DLL
[0123/185305.718:ERROR:process_memory_win.cc(73)] ReadMemory at 0x7ff814530000 of 64 bytes failed: Only part of a ReadProcessMemory or WriteProcessMemory request was completed. (0x12B)
[0123/185305.718:WARNING:pe_image_reader.cc(340)] could not read dos header from C:\WINDOWS\System32\KERNELBASE.dll
[0123/185305.718:ERROR:process_memory_win.cc(73)] ReadMemory at 0x7fffee540000 of 64 bytes failed: Only part of a ReadProcessMemory or WriteProcessMemory request was completed. (0x12B)
[0123/185305.718:WARNING:pe_image_reader.cc(340)] could not read dos header from C:\Program Files (x86)\Google\Chrome\Application\87.0.4280.141\chrome_elf.dll
[0123/185305.718:ERROR:process_memory_win.cc(73)] ReadMemory at 0x7ff809920000 of 64 bytes failed: Only part of a ReadProcessMemory or WriteProcessMemory request was completed. (0x12B)
[0123/185305.718:WARNING:pe_image_reader.cc(340)] could not read dos header from C:\WINDOWS\SYSTEM32\VERSION.dll
[0123/185305.719:ERROR:process_memory_win.cc(73)] ReadMemory at 0x7ff815fb0000 of 64 bytes failed: Only part of a ReadProcessMemory or WriteProcessMemory request was completed. (0x12B)
[0123/185305.719:WARNING:pe_image_reader.cc(340)] could not read dos header from C:\WINDOWS\System32\msvcrt.dll
[0123/185305.719:ERROR:process_memory_win.cc(73)] ReadMemory at 0x7ff8144a0000 of 64 bytes failed: Only part of a ReadProcessMemory or WriteProcessMemory request was completed. (0x12B)
[0123/185305.719:WARNING:pe_image_reader.cc(340)] could not read dos header from C:\WINDOWS\System32\bcryptPrimitives.dll
[0123/185305.719:ERROR:process_memory_win.cc(73)] ReadMemory at 0x7ff8148e0000 of 64 bytes failed: Only part of a ReadProcessMemory or WriteProcessMemory request was completed. (0x12B)
[0123/185305.719:WARNING:pe_image_reader.cc(340)] could not read dos header from C:\WINDOWS\System32\ADVAPI32.dll
[0123/185305.719:ERROR:process_memory_win.cc(73)] ReadMemory at 0x7ff814ce0000 of 64 bytes failed: Only part of a ReadProcessMemory or WriteProcessMemory request was completed. (0x12B)
[0123/185305.719:WARNING:pe_image_reader.cc(340)] could not read dos header from C:\WINDOWS\System32\sechost.dll
[0123/185305.719:ERROR:process_memory_win.cc(73)] ReadMemory at 0x7ff814ff0000 of 64 bytes failed: Only part of a ReadProcessMemory or WriteProcessMemory request was completed. (0x12B)
[0123/185305.719:WARNING:pe_image_reader.cc(340)] could not read dos header from C:\WINDOWS\System32\RPCRT4.dll
[0123/185305.719:ERROR:process_memory_win.cc(73)] ReadMemory at 0x7fffc3c20000 of 64 bytes failed: Only part of a ReadProcessMemory or WriteProcessMemory request was completed. (0x12B)
[0123/185305.720:WARNING:pe_image_reader.cc(340)] could not read dos header from C:\Program Files (x86)\Google\Chrome\Application\87.0.4280.141\chrome.dll
[0123/185305.720:ERROR:process_memory_win.cc(73)] ReadMemory at 0x7ff815e70000 of 64 bytes failed: Only part of a ReadProcessMemory or WriteProcessMemory request was completed. (0x12B)
[0123/185305.720:WARNING:pe_image_reader.cc(340)] could not read dos header from C:\WINDOWS\System32\WS2_32.dll
[0123/185305.720:ERROR:process_memory_win.cc(73)] ReadMemory at 0x7ff815ee0000 of 64 bytes failed: Only part of a ReadProcessMemory or WriteProcessMemory request was completed. (0x12B)
[0123/185305.720:WARNING:pe_image_reader.cc(340)] could not read dos header from C:\WINDOWS\System32\OLEAUT32.dll
[0123/185305.720:ERROR:process_memory_win.cc(73)] ReadMemory at 0x7ff813ed0000 of 64 bytes failed: Only part of a ReadProcessMemory or WriteProcessMemory request was completed. (0x12B)
[0123/185305.720:WARNING:pe_image_reader.cc(340)] could not read dos header from C:\WINDOWS\System32\msvcp_win.dll
[0123/185305.720:ERROR:process_memory_win.cc(73)] ReadMemory at 0x7ff814020000 of 64 bytes failed: Only part of a ReadProcessMemory or WriteProcessMemory request was completed. (0x12B)
[0123/185305.720:WARNING:pe_image_reader.cc(340)] could not read dos header from C:\WINDOWS\System32\ucrtbase.dll
[0123/185305.721:ERROR:process_memory_win.cc(73)] ReadMemory at 0x7ff816400000 of 64 bytes failed: Only part of a ReadProcessMemory or WriteProcessMemory request was completed. (0x12B)
[0123/185305.721:WARNING:pe_image_reader.cc(340)] could not read dos header from C:\WINDOWS\System32\combase.dll
[0123/185305.721:ERROR:process_memory_win.cc(73)] ReadMemory at 0x7ff814270000 of 64 bytes failed: Only part of a ReadProcessMemory or WriteProcessMemory request was completed. (0x12B)
[0123/185305.721:WARNING:pe_image_reader.cc(340)] could not read dos header from C:\WINDOWS\System32\WINTRUST.dll
[0123/185305.721:ERROR:process_memory_win.cc(73)] ReadMemory at 0x7ff813640000 of 64 bytes failed: Only part of a ReadProcessMemory or WriteProcessMemory request was completed. (0x12B)
[0123/185305.721:WARNING:pe_image_reader.cc(340)] could not read dos header from C:\WINDOWS\System32\MSASN1.dll
[0123/185305.721:ERROR:process_memory_win.cc(73)] ReadMemory at 0x7ff814120000 of 64 bytes failed: Only part of a ReadProcessMemory or WriteProcessMemory request was completed. (0x12B)
[0123/185305.721:WARNING:pe_image_reader.cc(340)] could not read dos header from C:\WINDOWS\System32\CRYPT32.dll
[0123/185305.721:ERROR:process_memory_win.cc(73)] ReadMemory at 0x7ff8120c0000 of 64 bytes failed: Only part of a ReadProcessMemory or WriteProcessMemory request was completed. (0x12B)
[0123/185305.721:WARNING:pe_image_reader.cc(340)] could not read dos header from C:\WINDOWS\SYSTEM32\dbghelp.dll
[0123/185305.721:ERROR:process_memory_win.cc(73)] ReadMemory at 0x7ff812b20000 of 64 bytes failed: Only part of a ReadProcessMemory or WriteProcessMemory request was completed. (0x12B)
[0123/185305.721:WARNING:pe_image_reader.cc(340)] could not read dos header from C:\WINDOWS\SYSTEM32\IPHLPAPI.DLL
[0123/185305.722:ERROR:process_memory_win.cc(73)] ReadMemory at 0x7ff806ad0000 of 64 bytes failed: Only part of a ReadProcessMemory or WriteProcessMemory request was completed. (0x12B)
[0123/185305.722:WARNING:pe_image_reader.cc(340)] could not read dos header from C:\WINDOWS\SYSTEM32\WINMM.dll
[0123/185305.722:ERROR:process_memory_win.cc(73)] ReadMemory at 0x7ffff15a0000 of 64 bytes failed: Only part of a ReadProcessMemory or WriteProcessMemory request was completed. (0x12B)
[0123/185305.722:WARNING:pe_image_reader.cc(340)] could not read dos header from C:\WINDOWS\SYSTEM32\UIAutomationCore.DLL
[0123/185305.722:ERROR:process_memory_win.cc(73)] ReadMemory at 0x7ff806b50000 of 64 bytes failed: Only part of a ReadProcessMemory or WriteProcessMemory request was completed. (0x12B)
[0123/185305.722:WARNING:pe_image_reader.cc(340)] could not read dos header from C:\WINDOWS\SYSTEM32\Secur32.dll
[0123/185305.722:ERROR:process_memory_win.cc(73)] ReadMemory at 0x7ff813510000 of 64 bytes failed: Only part of a ReadProcessMemory or WriteProcessMemory request was completed. (0x12B)
[0123/185305.722:WARNING:pe_image_reader.cc(340)] could not read dos header from C:\WINDOWS\SYSTEM32\USERENV.dll
[0123/185305.722:ERROR:process_memory_win.cc(73)] ReadMemory at 0x7ff813660000 of 64 bytes failed: Only part of a ReadProcessMemory or WriteProcessMemory request was completed. (0x12B)
[0123/185305.722:WARNING:pe_image_reader.cc(340)] could not read dos header from C:\WINDOWS\System32\profapi.dll
[0123/185305.722:ERROR:process_memory_win.cc(73)] ReadMemory at 0x7ffff8b70000 of 64 bytes failed: Only part of a ReadProcessMemory or WriteProcessMemory request was completed. (0x12B)
[0123/185305.723:WARNING:pe_image_reader.cc(340)] could not read dos header from C:\WINDOWS\SYSTEM32\DWrite.dll
[0123/185305.723:ERROR:process_memory_win.cc(73)] ReadMemory at 0x7ff80dea0000 of 64 bytes failed: Only part of a ReadProcessMemory or WriteProcessMemory request was completed. (0x12B)
[0123/185305.723:WARNING:pe_image_reader.cc(340)] could not read dos header from C:\WINDOWS\SYSTEM32\WINSPOOL.DRV
[0123/185305.723:ERROR:process_memory_win.cc(73)] ReadMemory at 0x7ff813690000 of 64 bytes failed: Only part of a ReadProcessMemory or WriteProcessMemory request was completed. (0x12B)
[0123/185305.723:WARNING:pe_image_reader.cc(340)] could not read dos header from C:\WINDOWS\System32\kernel.appcore.dll
[0123/185305.723:ERROR:process_memory_win.cc(73)] ReadMemory at 0x7ff813700000 of 64 bytes failed: Only part of a ReadProcessMemory or WriteProcessMemory request was completed. (0x12B)
[0123/185305.723:WARNING:pe_image_reader.cc(340)] could not read dos header from C:\WINDOWS\System32\bcrypt.dll
[0123/185305.723:ERROR:process_memory_win.cc(73)] ReadMemory at 0x7ff80da20000 of 64 bytes failed: Only part of a ReadProcessMemory or WriteProcessMemory request was completed. (0x12B)
[0123/185305.723:WARNING:pe_image_reader.cc(340)] could not read dos header from C:\WINDOWS\SYSTEM32\WINHTTP.dll
[0123/185305.723:ERROR:process_memory_win.cc(73)] ReadMemory at 0x7ff80db80000 of 64 bytes failed: Only part of a ReadProcessMemory or WriteProcessMemory request was completed. (0x12B)
[0123/185305.724:WARNING:pe_image_reader.cc(340)] could not read dos header from C:\WINDOWS\SYSTEM32\dhcpcsvc.DLL
[0123/185305.724:ERROR:process_memory_win.cc(73)] ReadMemory at 0x7ff8152d0000 of 64 bytes failed: Only part of a ReadProcessMemory or WriteProcessMemory request was completed. (0x12B)
[0123/185305.724:WARNING:pe_image_reader.cc(340)] could not read dos header from C:\WINDOWS\System32\NSI.dll
[0123/185305.724:ERROR:process_memory_win.cc(73)] ReadMemory at 0x7ff809590000 of 64 bytes failed: Only part of a ReadProcessMemory or WriteProcessMemory request was completed. (0x12B)
[0123/185305.724:WARNING:pe_image_reader.cc(340)] could not read dos header from C:\WINDOWS\SYSTEM32\WINMMBASE.dll
[0123/185305.724:ERROR:process_memory_win.cc(73)] ReadMemory at 0x7ff8147e0000 of 64 bytes failed: Only part of a ReadProcessMemory or WriteProcessMemory request was completed. (0x12B)
[0123/185305.724:WARNING:pe_image_reader.cc(340)] could not read dos header from C:\WINDOWS\System32\cfgmgr32.dll
[0123/185305.724:ERROR:process_memory_win.cc(73)] ReadMemory at 0x7ff80f240000 of 64 bytes failed: Only part of a ReadProcessMemory or WriteProcessMemory request was completed. (0x12B)
[0123/185305.724:WARNING:pe_image_reader.cc(340)] could not read dos header from C:\WINDOWS\SYSTEM32\PROPSYS.dll
[0123/185305.724:ERROR:process_memory_win.cc(73)] ReadMemory at 0x7ff814830000 of 64 bytes failed: Only part of a ReadProcessMemory or WriteProcessMemory request was completed. (0x12B)
[0123/185305.724:WARNING:pe_image_reader.cc(340)] could not read dos header from C:\WINDOWS\System32\shcore.dll
[0123/185305.724:ERROR:process_memory_win.cc(73)] ReadMemory at 0x7ff813540000 of 64 bytes failed: Only part of a ReadProcessMemory or WriteProcessMemory request was completed. (0x12B)
[0123/185305.725:WARNING:pe_image_reader.cc(340)] could not read dos header from C:\WINDOWS\SYSTEM32\SSPICLI.DLL
[0123/185305.725:ERROR:process_memory_win.cc(73)] ReadMemory at 0x7ff812fe0000 of 64 bytes failed: Only part of a ReadProcessMemory or WriteProcessMemory request was completed. (0x12B)
[0123/185305.725:WARNING:pe_image_reader.cc(340)] could not read dos header from C:\WINDOWS\SYSTEM32\CRYPTBASE.DLL
[0123/185305.725:ERROR:process_memory_win.cc(73)] ReadMemory at 0x7ff63b790000 of 64 bytes failed: Only part of a ReadProcessMemory or WriteProcessMemory request was completed. (0x12B)
[0123/185305.725:WARNING:pe_image_reader.cc(340)] could not read dos header from C:\Program Files (x86)\Google\Chrome\Application\chrome.exe
[0123/185305.725:ERROR:process_memory_win.cc(73)] ReadMemory at 0x7ff816780000 of 64 bytes failed: Only part of a ReadProcessMemory or WriteProcessMemory request was completed. (0x12B)
[0123/185305.725:WARNING:pe_image_reader.cc(340)] could not read dos header from C:\WINDOWS\SYSTEM32\ntdll.dll
[0123/185305.725:ERROR:process_memory_win.cc(73)] ReadMemory at 0x7ff814c10000 of 64 bytes failed: Only part of a ReadProcessMemory or WriteProcessMemory request was completed. (0x12B)
[0123/185305.725:WARNING:pe_image_reader.cc(340)] could not read dos header from C:\WINDOWS\System32\KERNEL32.DLL
[0123/185305.726:ERROR:process_memory_win.cc(73)] ReadMemory at 0x7ff814530000 of 64 bytes failed: Only part of a ReadProcessMemory or WriteProcessMemory request was completed. (0x12B)
[0123/185305.726:WARNING:pe_image_reader.cc(340)] could not read dos header from C:\WINDOWS\System32\KERNELBASE.dll
[0123/185305.726:ERROR:process_memory_win.cc(73)] ReadMemory at 0x7fffee540000 of 64 bytes failed: Only part of a ReadProcessMemory or WriteProcessMemory request was completed. (0x12B)
[0123/185305.726:WARNING:pe_image_reader.cc(340)] could not read dos header from C:\Program Files (x86)\Google\Chrome\Application\87.0.4280.141\chrome_elf.dll
[0123/185305.726:ERROR:process_memory_win.cc(73)] ReadMemory at 0x7ff809920000 of 64 bytes failed: Only part of a ReadProcessMemory or WriteProcessMemory request was completed. (0x12B)
[0123/185305.726:WARNING:pe_image_reader.cc(340)] could not read dos header from C:\WINDOWS\SYSTEM32\VERSION.dll
[0123/185305.726:ERROR:process_memory_win.cc(73)] ReadMemory at 0x7ff815fb0000 of 64 bytes failed: Only part of a ReadProcessMemory or WriteProcessMemory request was completed. (0x12B)
[0123/185305.726:WARNING:pe_image_reader.cc(340)] could not read dos header from C:\WINDOWS\System32\msvcrt.dll
[0123/185305.726:ERROR:process_memory_win.cc(73)] ReadMemory at 0x7ff8144a0000 of 64 bytes failed: Only part of a ReadProcessMemory or WriteProcessMemory request was completed. (0x12B)
[0123/185305.726:WARNING:pe_image_reader.cc(340)] could not read dos header from C:\WINDOWS\System32\bcryptPrimitives.dll
[0123/185305.726:ERROR:process_memory_win.cc(73)] ReadMemory at 0x7ff8148e0000 of 64 bytes failed: Only part of a ReadProcessMemory or WriteProcessMemory request was completed. (0x12B)
[0123/185305.726:WARNING:pe_image_reader.cc(340)] could not read dos header from C:\WINDOWS\System32\ADVAPI32.dll
[0123/185305.727:ERROR:process_memory_win.cc(73)] ReadMemory at 0x7ff814ce0000 of 64 bytes failed: Only part of a ReadProcessMemory or WriteProcessMemory request was completed. (0x12B)
[0123/185305.727:WARNING:pe_image_reader.cc(340)] could not read dos header from C:\WINDOWS\System32\sechost.dll
[0123/185305.727:ERROR:process_memory_win.cc(73)] ReadMemory at 0x7ff814ff0000 of 64 bytes failed: Only part of a ReadProcessMemory or WriteProcessMemory request was completed. (0x12B)
[0123/185305.727:WARNING:pe_image_reader.cc(340)] could not read dos header from C:\WINDOWS\System32\RPCRT4.dll
[0123/185305.727:ERROR:process_memory_win.cc(73)] ReadMemory at 0x7fffc3c20000 of 64 bytes failed: Only part of a ReadProcessMemory or WriteProcessMemory request was completed. (0x12B)
[0123/185305.727:WARNING:pe_image_reader.cc(340)] could not read dos header from C:\Program Files (x86)\Google\Chrome\Application\87.0.4280.141\chrome.dll
[0123/185305.727:ERROR:process_memory_win.cc(73)] ReadMemory at 0x7ff815e70000 of 64 bytes failed: Only part of a ReadProcessMemory or WriteProcessMemory request was completed. (0x12B)
[0123/185305.727:WARNING:pe_image_reader.cc(340)] could not read dos header from C:\WINDOWS\System32\WS2_32.dll
[0123/185305.727:ERROR:process_memory_win.cc(73)] ReadMemory at 0x7ff815ee0000 of 64 bytes failed: Only part of a ReadProcessMemory or WriteProcessMemory request was completed. (0x12B)
[0123/185305.728:WARNING:pe_image_reader.cc(340)] could not read dos header from C:\WINDOWS\System32\OLEAUT32.dll
[0123/185305.728:ERROR:process_memory_win.cc(73)] ReadMemory at 0x7ff813ed0000 of 64 bytes failed: Only part of a ReadProcessMemory or WriteProcessMemory request was completed. (0x12B)
[0123/185305.728:WARNING:pe_image_reader.cc(340)] could not read dos header from C:\WINDOWS\System32\msvcp_win.dll
[0123/185305.728:ERROR:process_memory_win.cc(73)] ReadMemory at 0x7ff814020000 of 64 bytes failed: Only part of a ReadProcessMemory or WriteProcessMemory request was completed. (0x12B)
[0123/185305.728:WARNING:pe_image_reader.cc(340)] could not read dos header from C:\WINDOWS\System32\ucrtbase.dll
[0123/185305.728:ERROR:process_memory_win.cc(73)] ReadMemory at 0x7ff816400000 of 64 bytes failed: Only part of a ReadProcessMemory or WriteProcessMemory request was completed. (0x12B)
[0123/185305.728:WARNING:pe_image_reader.cc(340)] could not read dos header from C:\WINDOWS\System32\combase.dll
[0123/185305.728:ERROR:process_memory_win.cc(73)] ReadMemory at 0x7ff814270000 of 64 bytes failed: Only part of a ReadProcessMemory or WriteProcessMemory request was completed. (0x12B)
[0123/185305.728:WARNING:pe_image_reader.cc(340)] could not read dos header from C:\WINDOWS\System32\WINTRUST.dll
[0123/185305.729:ERROR:process_memory_win.cc(73)] ReadMemory at 0x7ff813640000 of 64 bytes failed: Only part of a ReadProcessMemory or WriteProcessMemory request was completed. (0x12B)
[0123/185305.729:WARNING:pe_image_reader.cc(340)] could not read dos header from C:\WINDOWS\System32\MSASN1.dll
[0123/185305.729:ERROR:process_memory_win.cc(73)] ReadMemory at 0x7ff814120000 of 64 bytes failed: Only part of a ReadProcessMemory or WriteProcessMemory request was completed. (0x12B)
[0123/185305.729:WARNING:pe_image_reader.cc(340)] could not read dos header from C:\WINDOWS\System32\CRYPT32.dll
[0123/185305.729:ERROR:process_memory_win.cc(73)] ReadMemory at 0x7ff8120c0000 of 64 bytes failed: Only part of a ReadProcessMemory or WriteProcessMemory request was completed. (0x12B)
[0123/185305.729:WARNING:pe_image_reader.cc(340)] could not read dos header from C:\WINDOWS\SYSTEM32\dbghelp.dll
[0123/185305.729:ERROR:process_memory_win.cc(73)] ReadMemory at 0x7ff812b20000 of 64 bytes failed: Only part of a ReadProcessMemory or WriteProcessMemory request was completed. (0x12B)
[0123/185305.729:WARNING:pe_image_reader.cc(340)] could not read dos header from C:\WINDOWS\SYSTEM32\IPHLPAPI.DLL
[0123/185305.729:ERROR:process_memory_win.cc(73)] ReadMemory at 0x7ff806ad0000 of 64 bytes failed: Only part of a ReadProcessMemory or WriteProcessMemory request was completed. (0x12B)
[0123/185305.729:WARNING:pe_image_reader.cc(340)] could not read dos header from C:\WINDOWS\SYSTEM32\WINMM.dll
[0123/185305.729:ERROR:process_memory_win.cc(73)] ReadMemory at 0x7ffff15a0000 of 64 bytes failed: Only part of a ReadProcessMemory or WriteProcessMemory request was completed. (0x12B)
[0123/185305.729:WARNING:pe_image_reader.cc(340)] could not read dos header from C:\WINDOWS\SYSTEM32\UIAutomationCore.DLL
[0123/185305.730:ERROR:process_memory_win.cc(73)] ReadMemory at 0x7ff806b50000 of 64 bytes failed: Only part of a ReadProcessMemory or WriteProcessMemory request was completed. (0x12B)
[0123/185305.730:WARNING:pe_image_reader.cc(340)] could not read dos header from C:\WINDOWS\SYSTEM32\Secur32.dll
[0123/185305.730:ERROR:process_memory_win.cc(73)] ReadMemory at 0x7ff813510000 of 64 bytes failed: Only part of a ReadProcessMemory or WriteProcessMemory request was completed. (0x12B)
[0123/185305.730:WARNING:pe_image_reader.cc(340)] could not read dos header from C:\WINDOWS\SYSTEM32\USERENV.dll
[0123/185305.730:ERROR:process_memory_win.cc(73)] ReadMemory at 0x7ff813660000 of 64 bytes failed: Only part of a ReadProcessMemory or WriteProcessMemory request was completed. (0x12B)
[0123/185305.730:WARNING:pe_image_reader.cc(340)] could not read dos header from C:\WINDOWS\System32\profapi.dll
[0123/185305.731:ERROR:process_memory_win.cc(73)] ReadMemory at 0x7ffff8b70000 of 64 bytes failed: Only part of a ReadProcessMemory or WriteProcessMemory request was completed. (0x12B)
[0123/185305.731:WARNING:pe_image_reader.cc(340)] could not read dos header from C:\WINDOWS\SYSTEM32\DWrite.dll
[0123/185305.731:ERROR:process_memory_win.cc(73)] ReadMemory at 0x7ff80dea0000 of 64 bytes failed: Only part of a ReadProcessMemory or WriteProcessMemory request was completed. (0x12B)
[0123/185305.731:WARNING:pe_image_reader.cc(340)] could not read dos header from C:\WINDOWS\SYSTEM32\WINSPOOL.DRV
[0123/185305.731:ERROR:process_memory_win.cc(73)] ReadMemory at 0x7ff813690000 of 64 bytes failed: Only part of a ReadProcessMemory or WriteProcessMemory request was completed. (0x12B)
[0123/185305.731:WARNING:pe_image_reader.cc(340)] could not read dos header from C:\WINDOWS\System32\kernel.appcore.dll
[0123/185305.731:ERROR:process_memory_win.cc(73)] ReadMemory at 0x7ff813700000 of 64 bytes failed: Only part of a ReadProcessMemory or WriteProcessMemory request was completed. (0x12B)
[0123/185305.731:WARNING:pe_image_reader.cc(340)] could not read dos header from C:\WINDOWS\System32\bcrypt.dll
[0123/185305.731:ERROR:process_memory_win.cc(73)] ReadMemory at 0x7ff80da20000 of 64 bytes failed: Only part of a ReadProcessMemory or WriteProcessMemory request was completed. (0x12B)
[0123/185305.731:WARNING:pe_image_reader.cc(340)] could not read dos header from C:\WINDOWS\SYSTEM32\WINHTTP.dll
[0123/185305.731:ERROR:process_memory_win.cc(73)] ReadMemory at 0x7ff80db80000 of 64 bytes failed: Only part of a ReadProcessMemory or WriteProcessMemory request was completed. (0x12B)
[0123/185305.731:WARNING:pe_image_reader.cc(340)] could not read dos header from C:\WINDOWS\SYSTEM32\dhcpcsvc.DLL
[0123/185305.732:ERROR:process_memory_win.cc(73)] ReadMemory at 0x7ff8152d0000 of 64 bytes failed: Only part of a ReadProcessMemory or WriteProcessMemory request was completed. (0x12B)
[0123/185305.732:WARNING:pe_image_reader.cc(340)] could not read dos header from C:\WINDOWS\System32\NSI.dll
[0123/185305.732:ERROR:process_memory_win.cc(73)] ReadMemory at 0x7ff809590000 of 64 bytes failed: Only part of a ReadProcessMemory or WriteProcessMemory request was completed. (0x12B)
[0123/185305.732:WARNING:pe_image_reader.cc(340)] could not read dos header from C:\WINDOWS\SYSTEM32\WINMMBASE.dll
[0123/185305.732:ERROR:process_memory_win.cc(73)] ReadMemory at 0x7ff8147e0000 of 64 bytes failed: Only part of a ReadProcessMemory or WriteProcessMemory request was completed. (0x12B)
[0123/185305.732:WARNING:pe_image_reader.cc(340)] could not read dos header from C:\WINDOWS\System32\cfgmgr32.dll
[0123/185305.732:ERROR:process_memory_win.cc(73)] ReadMemory at 0x7ff80f240000 of 64 bytes failed: Only part of a ReadProcessMemory or WriteProcessMemory request was completed. (0x12B)
[0123/185305.732:WARNING:pe_image_reader.cc(340)] could not read dos header from C:\WINDOWS\SYSTEM32\PROPSYS.dll
[0123/185305.732:ERROR:process_memory_win.cc(73)] ReadMemory at 0x7ff814830000 of 64 bytes failed: Only part of a ReadProcessMemory or WriteProcessMemory request was completed. (0x12B)
[0123/185305.732:WARNING:pe_image_reader.cc(340)] could not read dos header from C:\WINDOWS\System32\shcore.dll
[0123/185305.732:ERROR:process_memory_win.cc(73)] ReadMemory at 0x7ff813540000 of 64 bytes failed: Only part of a ReadProcessMemory or WriteProcessMemory request was completed. (0x12B)
[0123/185305.732:WARNING:pe_image_reader.cc(340)] could not read dos header from C:\WINDOWS\SYSTEM32\SSPICLI.DLL
[0123/185305.732:ERROR:process_memory_win.cc(73)] ReadMemory at 0x7ff812fe0000 of 64 bytes failed: Only part of a ReadProcessMemory or WriteProcessMemory request was completed. (0x12B)
[0123/185305.732:WARNING:pe_image_reader.cc(340)] could not read dos header from C:\WINDOWS\SYSTEM32\CRYPTBASE.DLL
[0123/185306.415:ERROR:process_memory_win.cc(73)] ReadMemory at 0x86cb7e3000 of 118784 bytes failed: Only part of a ReadProcessMemory or WriteProcessMemory request was completed. (0x12B)
[0123/185306.444:ERROR:process_memory_win.cc(73)] ReadMemory at 0x86cbffe000 of 8192 bytes failed: Only part of a ReadProcessMemory or WriteProcessMemory request was completed. (0x12B)
[0123/185306.444:ERROR:process_memory_win.cc(73)] ReadMemory at 0x86ccffe000 of 8192 bytes failed: Only part of a ReadProcessMemory or WriteProcessMemory request was completed. (0x12B)
[0123/185306.444:ERROR:process_memory_win.cc(73)] ReadMemory at 0x86cd7fd000 of 12288 bytes failed: Only part of a ReadProcessMemory or WriteProcessMemory request was completed. (0x12B)
[0123/185306.444:ERROR:process_memory_win.cc(73)] ReadMemory at 0x86ce7fe000 of 8192 bytes failed: Only part of a ReadProcessMemory or WriteProcessMemory request was completed. (0x12B)
[0123/185306.444:ERROR:process_memory_win.cc(73)] ReadMemory at 0x86ceffe000 of 8192 bytes failed: Only part of a ReadProcessMemory or WriteProcessMemory request was completed. (0x12B)
[0123/185306.445:ERROR:process_memory_win.cc(73)] ReadMemory at 0x86cf7fd000 of 12288 bytes failed: Only part of a ReadProcessMemory or WriteProcessMemory request was completed. (0x12B)
[0123/185306.445:ERROR:process_memory_win.cc(73)] ReadMemory at 0x86cfffe000 of 8192 bytes failed: Only part of a ReadProcessMemory or WriteProcessMemory request was completed. (0x12B)
[0123/185306.445:ERROR:process_memory_win.cc(73)] ReadMemory at 0x86d07fc000 of 16384 bytes failed: Only part of a ReadProcessMemory or WriteProcessMemory request was completed. (0x12B)
[0123/185306.445:ERROR:process_memory_win.cc(73)] ReadMemory at 0x86d0ffc000 of 16384 bytes failed: Only part of a ReadProcessMemory or WriteProcessMemory request was completed. (0x12B)
[0123/185306.445:ERROR:process_memory_win.cc(73)] ReadMemory at 0x86d17fe000 of 8192 bytes failed: Only part of a ReadProcessMemory or WriteProcessMemory request was completed. (0x12B)
[0123/185306.445:ERROR:process_memory_win.cc(73)] ReadMemory at 0x86cc7fe000 of 8192 bytes failed: Only part of a ReadProcessMemory or WriteProcessMemory request was completed. (0x12B)
[0123/185306.445:ERROR:process_memory_win.cc(73)] ReadMemory at 0x86cdffd000 of 12288 bytes failed: Only part of a ReadProcessMemory or WriteProcessMemory request was completed. (0x12B)
[0123/185306.445:ERROR:process_memory_win.cc(73)] ReadMemory at 0x86d1ffe000 of 8192 bytes failed: Only part of a ReadProcessMemory or WriteProcessMemory request was completed. (0x12B)
[0123/185306.445:ERROR:process_memory_win.cc(73)] ReadMemory at 0x86caf95000 of 852 bytes failed: Only part of a ReadProcessMemory or WriteProcessMemory request was completed. (0x12B)
[0123/185306.445:ERROR:process_memory_win.cc(73)] ReadMemory at 0x86caf96000 of 6024 bytes failed: Only part of a ReadProcessMemory or WriteProcessMemory request was completed. (0x12B)
[0123/185306.445:ERROR:process_memory_win.cc(73)] ReadMemory at 0x86caf98000 of 6024 bytes failed: Only part of a ReadProcessMemory or WriteProcessMemory request was completed. (0x12B)
[0123/185306.445:ERROR:process_memory_win.cc(73)] ReadMemory at 0x86caf9c000 of 6024 bytes failed: Only part of a ReadProcessMemory or WriteProcessMemory request was completed. (0x12B)
[0123/185306.446:ERROR:process_memory_win.cc(73)] ReadMemory at 0x86caf9e000 of 6024 bytes failed: Only part of a ReadProcessMemory or WriteProcessMemory request was completed. (0x12B)
[0123/185306.446:ERROR:process_memory_win.cc(73)] ReadMemory at 0x86cafa2000 of 6024 bytes failed: Only part of a ReadProcessMemory or WriteProcessMemory request was completed. (0x12B)
[0123/185306.446:ERROR:process_memory_win.cc(73)] ReadMemory at 0x86cafa4000 of 6024 bytes failed: Only part of a ReadProcessMemory or WriteProcessMemory request was completed. (0x12B)
[0123/185306.446:ERROR:process_memory_win.cc(73)] ReadMemory at 0x86cafa6000 of 6024 bytes failed: Only part of a ReadProcessMemory or WriteProcessMemory request was completed. (0x12B)
[0123/185306.446:ERROR:process_memory_win.cc(73)] ReadMemory at 0x86cafa8000 of 6024 bytes failed: Only part of a ReadProcessMemory or WriteProcessMemory request was completed. (0x12B)
[0123/185306.446:ERROR:process_memory_win.cc(73)] ReadMemory at 0x86cafaa000 of 6024 bytes failed: Only part of a ReadProcessMemory or WriteProcessMemory request was completed. (0x12B)
[0123/185306.446:ERROR:process_memory_win.cc(73)] ReadMemory at 0x86cafac000 of 6024 bytes failed: Only part of a ReadProcessMemory or WriteProcessMemory request was completed. (0x12B)
[0123/185306.446:ERROR:process_memory_win.cc(73)] ReadMemory at 0x86cafae000 of 6024 bytes failed: Only part of a ReadProcessMemory or WriteProcessMemory request was completed. (0x12B)
[0123/185306.446:ERROR:process_memory_win.cc(73)] ReadMemory at 0x86cafb6000 of 6024 bytes failed: Only part of a ReadProcessMemory or WriteProcessMemory request was completed. (0x12B)
[0123/185306.446:ERROR:process_memory_win.cc(73)] ReadMemory at 0x86cafe8000 of 6024 bytes failed: Only part of a ReadProcessMemory or WriteProcessMemory request was completed. (0x12B)
[0123/185306.446:ERROR:process_memory_win.cc(73)] ReadMemory at 0x86cafec000 of 6024 bytes failed: Only part of a ReadProcessMemory or WriteProcessMemory request was completed. (0x12B)
[0123/185306.446:ERROR:process_memory_win.cc(73)] ReadMemory at 0x1f19a470000 of 384 bytes failed: Only part of a ReadProcessMemory or WriteProcessMemory request was completed. (0x12B)
[0123/185306.446:ERROR:process_memory_win.cc(73)] ReadMemory at 0x1f19a470fe0 of 17458 bytes failed: Only part of a ReadProcessMemory or WriteProcessMemory request was completed. (0x12B)
[0123/185306.447:ERROR:process_memory_win.cc(73)] ReadMemory at 0x1f19a475420 of 1012 bytes failed: Only part of a ReadProcessMemory or WriteProcessMemory request was completed. (0x12B)
[0123/185306.447:ERROR:process_memory_win.cc(73)] ReadMemory at 0x1f19a475a68 of 118 bytes failed: Only part of a ReadProcessMemory or WriteProcessMemory request was completed. (0x12B)
[0123/185306.447:ERROR:process_memory_win.cc(73)] ReadMemory at 0x1f19a475ae0 of 714 bytes failed: Only part of a ReadProcessMemory or WriteProcessMemory request was completed. (0x12B)
[0123/185306.447:ERROR:process_memory_win.cc(73)] ReadMemory at 0x1f19a475dac of 118 bytes failed: Only part of a ReadProcessMemory or WriteProcessMemory request was completed. (0x12B)
[0123/185306.447:ERROR:process_memory_win.cc(73)] ReadMemory at 0x1f19a475e24 of 100 bytes failed: Only part of a ReadProcessMemory or WriteProcessMemory request was completed. (0x12B)
[0123/185306.447:ERROR:process_memory_win.cc(73)] ReadMemory at 0x1f19a475ea0 of 58 bytes failed: Only part of a ReadProcessMemory or WriteProcessMemory request was completed. (0x12B)
[0123/185306.447:ERROR:process_memory_win.cc(73)] ReadMemory at 0x1f19a475fa0 of 132 bytes failed: Only part of a ReadProcessMemory or WriteProcessMemory request was completed. (0x12B)
[0123/185306.447:ERROR:process_memory_win.cc(73)] ReadMemory at 0x1f19a476130 of 132 bytes failed: Only part of a ReadProcessMemory or WriteProcessMemory request was completed. (0x12B)
[0123/185306.447:ERROR:process_memory_win.cc(73)] ReadMemory at 0x1f19a4762f0 of 126 bytes failed: Only part of a ReadProcessMemory or WriteProcessMemory request was completed. (0x12B)
[0123/185306.447:ERROR:process_memory_win.cc(73)] ReadMemory at 0x1f19a4767f0 of 132 bytes failed: Only part of a ReadProcessMemory or WriteProcessMemory request was completed. (0x12B)
[0123/185306.447:ERROR:process_memory_win.cc(73)] ReadMemory at 0x1f19a476980 of 64 bytes failed: Only part of a ReadProcessMemory or WriteProcessMemory request was completed. (0x12B)
[0123/185306.447:ERROR:process_memory_win.cc(73)] ReadMemory at 0x1f19a476b40 of 132 bytes failed: Only part of a ReadProcessMemory or WriteProcessMemory request was completed. (0x12B)
[0123/185306.447:ERROR:process_memory_win.cc(73)] ReadMemory at 0x1f19a476de0 of 132 bytes failed: Only part of a ReadProcessMemory or WriteProcessMemory request was completed. (0x12B)
[0123/185306.447:ERROR:process_memory_win.cc(73)] ReadMemory at 0x1f19a476f70 of 68 bytes failed: Only part of a ReadProcessMemory or WriteProcessMemory request was completed. (0x12B)
[0123/185306.447:ERROR:process_memory_win.cc(73)] ReadMemory at 0x1f19a4780b0 of 132 bytes failed: Only part of a ReadProcessMemory or WriteProcessMemory request was completed. (0x12B)
[0123/185306.447:ERROR:process_memory_win.cc(73)] ReadMemory at 0x1f19a4781e0 of 154 bytes failed: Only part of a ReadProcessMemory or WriteProcessMemory request was completed. (0x12B)
[0123/185306.448:ERROR:process_memory_win.cc(73)] ReadMemory at 0x1f19a478f70 of 132 bytes failed: Only part of a ReadProcessMemory or WriteProcessMemory request was completed. (0x12B)
[0123/185306.448:ERROR:process_memory_win.cc(73)] ReadMemory at 0x1f19a4790a0 of 60 bytes failed: Only part of a ReadProcessMemory or WriteProcessMemory request was completed. (0x12B)
[0123/185306.448:ERROR:process_memory_win.cc(73)] ReadMemory at 0x1f19a479ed0 of 62 bytes failed: Only part of a ReadProcessMemory or WriteProcessMemory request was completed. (0x12B)
[0123/185306.448:ERROR:process_memory_win.cc(73)] ReadMemory at 0x1f19a48c060 of 132 bytes failed: Only part of a ReadProcessMemory or WriteProcessMemory request was completed. (0x12B)
[0123/185306.448:ERROR:process_memory_win.cc(73)] ReadMemory at 0x1f19a48c190 of 146 bytes failed: Only part of a ReadProcessMemory or WriteProcessMemory request was completed. (0x12B)
[0123/185306.448:ERROR:process_memory_win.cc(73)] ReadMemory at 0x1f19a48cc50 of 80 bytes failed: Only part of a ReadProcessMemory or WriteProcessMemory request was completed. (0x12B)
[0123/185306.448:ERROR:process_memory_win.cc(73)] ReadMemory at 0x1f19a48def0 of 132 bytes failed: Only part of a ReadProcessMemory or WriteProcessMemory request was completed. (0x12B)
[0123/185306.448:ERROR:process_memory_win.cc(73)] ReadMemory at 0x1f19a48e0f0 of 132 bytes failed: Only part of a ReadProcessMemory or WriteProcessMemory request was completed. (0x12B)
[0123/185306.448:ERROR:process_memory_win.cc(73)] ReadMemory at 0x1f19a48e220 of 132 bytes failed: Only part of a ReadProcessMemory or WriteProcessMemory request was completed. (0x12B)
[0123/185306.448:ERROR:process_memory_win.cc(73)] ReadMemory at 0x1f19a48e350 of 132 bytes failed: Only part of a ReadProcessMemory or WriteProcessMemory request was completed. (0x12B)
[0123/185306.448:ERROR:process_memory_win.cc(73)] ReadMemory at 0x1f19a48e480 of 132 bytes failed: Only part of a ReadProcessMemory or WriteProcessMemory request was completed. (0x12B)
[0123/185306.448:ERROR:process_memory_win.cc(73)] ReadMemory at 0x1f19a48e5b0 of 132 bytes failed: Only part of a ReadProcessMemory or WriteProcessMemory request was completed. (0x12B)
[0123/185306.448:ERROR:process_memory_win.cc(73)] ReadMemory at 0x1f19a48e6e0 of 132 bytes failed: Only part of a ReadProcessMemory or WriteProcessMemory request was completed. (0x12B)
[0123/185306.448:ERROR:process_memory_win.cc(73)] ReadMemory at 0x1f19a48e810 of 132 bytes failed: Only part of a ReadProcessMemory or WriteProcessMemory request was completed. (0x12B)
[0123/185306.448:ERROR:process_memory_win.cc(73)] ReadMemory at 0x1f19a48e940 of 132 bytes failed: Only part of a ReadProcessMemory or WriteProcessMemory request was completed. (0x12B)
[0123/185306.448:ERROR:process_memory_win.cc(73)] ReadMemory at 0x1f19a48ea70 of 132 bytes failed: Only part of a ReadProcessMemory or WriteProcessMemory request was completed. (0x12B)
[0123/185306.448:ERROR:process_memory_win.cc(73)] ReadMemory at 0x1f19a48ecd0 of 132 bytes failed: Only part of a ReadProcessMemory or WriteProcessMemory request was completed. (0x12B)
[0123/185306.449:ERROR:process_memory_win.cc(73)] ReadMemory at 0x1f19a48ee00 of 132 bytes failed: Only part of a ReadProcessMemory or WriteProcessMemory request was completed. (0x12B)
[0123/185306.449:ERROR:process_memory_win.cc(73)] ReadMemory at 0x1f19a48ef30 of 132 bytes failed: Only part of a ReadProcessMemory or WriteProcessMemory request was completed. (0x12B)
[0123/185306.449:ERROR:process_memory_win.cc(73)] ReadMemory at 0x1f19a4933e0 of 132 bytes failed: Only part of a ReadProcessMemory or WriteProcessMemory request was completed. (0x12B)
[0123/185306.449:ERROR:process_memory_win.cc(73)] ReadMemory at 0x1f19a493bd0 of 54 bytes failed: Only part of a ReadProcessMemory or WriteProcessMemory request was completed. (0x12B)
[0123/185306.449:ERROR:process_memory_win.cc(73)] ReadMemory at 0x1f19a495920 of 132 bytes failed: Only part of a ReadProcessMemory or WriteProcessMemory request was completed. (0x12B)
[0123/185306.449:ERROR:process_memory_win.cc(73)] ReadMemory at 0x1f19a496ee0 of 132 bytes failed: Only part of a ReadProcessMemory or WriteProcessMemory request was completed. (0x12B)
[0123/185306.449:ERROR:process_memory_win.cc(73)] ReadMemory at 0x1f19a497240 of 132 bytes failed: Only part of a ReadProcessMemory or WriteProcessMemory request was completed. (0x12B)
[0123/185306.449:ERROR:process_memory_win.cc(73)] ReadMemory at 0x1f19a4974d0 of 62 bytes failed: Only part of a ReadProcessMemory or WriteProcessMemory request was completed. (0x12B)
[0123/185306.449:ERROR:process_memory_win.cc(73)] ReadMemory at 0x1f19a497610 of 62 bytes failed: Only part of a ReadProcessMemory or WriteProcessMemory request was completed. (0x12B)
[0123/185306.449:ERROR:process_memory_win.cc(73)] ReadMemory at 0x1f19a497660 of 62 bytes failed: Only part of a ReadProcessMemory or WriteProcessMemory request was completed. (0x12B)
[0123/185306.449:ERROR:process_memory_win.cc(73)] ReadMemory at 0x1f19a4976b0 of 64 bytes failed: Only part of a ReadProcessMemory or WriteProcessMemory request was completed. (0x12B)
[0123/185306.449:ERROR:process_memory_win.cc(73)] ReadMemory at 0x1f19a497700 of 66 bytes failed: Only part of a ReadProcessMemory or WriteProcessMemory request was completed. (0x12B)
[0123/185306.449:ERROR:process_memory_win.cc(73)] ReadMemory at 0x1f19a4977a0 of 64 bytes failed: Only part of a ReadProcessMemory or WriteProcessMemory request was completed. (0x12B)
[0123/185306.449:ERROR:process_memory_win.cc(73)] ReadMemory at 0x1f19a497840 of 64 bytes failed: Only part of a ReadProcessMemory or WriteProcessMemory request was completed. (0x12B)
[0123/185306.449:ERROR:process_memory_win.cc(73)] ReadMemory at 0x1f19a497890 of 60 bytes failed: Only part of a ReadProcessMemory or WriteProcessMemory request was completed. (0x12B)
[0123/185306.449:ERROR:process_memory_win.cc(73)] ReadMemory at 0x1f19a4979d0 of 64 bytes failed: Only part of a ReadProcessMemory or WriteProcessMemory request was completed. (0x12B)
[0123/185306.450:ERROR:process_memory_win.cc(73)] ReadMemory at 0x1f19a497a20 of 62 bytes failed: Only part of a ReadProcessMemory or WriteProcessMemory request was completed. (0x12B)
[0123/185306.450:ERROR:process_memory_win.cc(73)] ReadMemory at 0x1f19a497a70 of 60 bytes failed: Only part of a ReadProcessMemory or WriteProcessMemory request was completed. (0x12B)
[0123/185306.450:ERROR:process_memory_win.cc(73)] ReadMemory at 0x1f19a497ac0 of 62 bytes failed: Only part of a ReadProcessMemory or WriteProcessMemory request was completed. (0x12B)
[0123/185306.450:ERROR:process_memory_win.cc(73)] ReadMemory at 0x1f19a497b60 of 62 bytes failed: Only part of a ReadProcessMemory or WriteProcessMemory request was completed. (0x12B)
[0123/185306.450:ERROR:process_memory_win.cc(73)] ReadMemory at 0x1f19a497bb0 of 60 bytes failed: Only part of a ReadProcessMemory or WriteProcessMemory request was completed. (0x12B)
[0123/185306.450:ERROR:process_memory_win.cc(73)] ReadMemory at 0x1f19a497c00 of 60 bytes failed: Only part of a ReadProcessMemory or WriteProcessMemory request was completed. (0x12B)
[0123/185306.450:ERROR:process_memory_win.cc(73)] ReadMemory at 0x1f19a497c50 of 64 bytes failed: Only part of a ReadProcessMemory or WriteProcessMemory request was completed. (0x12B)
[0123/185306.450:ERROR:process_memory_win.cc(73)] ReadMemory at 0x1f19a497ca0 of 66 bytes failed: Only part of a ReadProcessMemory or WriteProcessMemory request was completed. (0x12B)
[0123/185306.450:ERROR:process_memory_win.cc(73)] ReadMemory at 0x1f19a497cf0 of 60 bytes failed: Only part of a ReadProcessMemory or WriteProcessMemory request was completed. (0x12B)
[0123/185306.450:ERROR:process_memory_win.cc(73)] ReadMemory at 0x1f19a497d90 of 64 bytes failed: Only part of a ReadProcessMemory or WriteProcessMemory request was completed. (0x12B)
[0123/185306.450:ERROR:process_memory_win.cc(73)] ReadMemory at 0x1f19a497de0 of 64 bytes failed: Only part of a ReadProcessMemory or WriteProcessMemory request was completed. (0x12B)
[0123/185306.450:ERROR:process_memory_win.cc(73)] ReadMemory at 0x1f19a497fc0 of 62 bytes failed: Only part of a ReadProcessMemory or WriteProcessMemory request was completed. (0x12B)
[0123/185306.450:ERROR:process_memory_win.cc(73)] ReadMemory at 0x1f19a498010 of 60 bytes failed: Only part of a ReadProcessMemory or WriteProcessMemory request was completed. (0x12B)
[0123/185306.450:ERROR:process_memory_win.cc(73)] ReadMemory at 0x1f19a498060 of 62 bytes failed: Only part of a ReadProcessMemory or WriteProcessMemory request was completed. (0x12B)
[0123/185306.450:ERROR:process_memory_win.cc(73)] ReadMemory at 0x1f19a4980b0 of 62 bytes failed: Only part of a ReadProcessMemory or WriteProcessMemory request was completed. (0x12B)
[0123/185306.450:ERROR:process_memory_win.cc(73)] ReadMemory at 0x1f19a498150 of 58 bytes failed: Only part of a ReadProcessMemory or WriteProcessMemory request was completed. (0x12B)
[0123/185306.450:ERROR:process_memory_win.cc(73)] ReadMemory at 0x1f19a4982e0 of 64 bytes failed: Only part of a ReadProcessMemory or WriteProcessMemory request was completed. (0x12B)
[0123/185306.451:ERROR:process_memory_win.cc(73)] ReadMemory at 0x1f19a498420 of 62 bytes failed: Only part of a ReadProcessMemory or WriteProcessMemory request was completed. (0x12B)
[0123/185306.451:ERROR:process_memory_win.cc(73)] ReadMemory at 0x1f19a498840 of 76 bytes failed: Only part of a ReadProcessMemory or WriteProcessMemory request was completed. (0x12B)
[0123/185306.451:ERROR:process_memory_win.cc(73)] ReadMemory at 0x1f19a498a20 of 80 bytes failed: Only part of a ReadProcessMemory or WriteProcessMemory request was completed. (0x12B)
[0123/185306.451:ERROR:process_memory_win.cc(73)] ReadMemory at 0x1f19a49ae20 of 132 bytes failed: Only part of a ReadProcessMemory or WriteProcessMemory request was completed. (0x12B)
[0123/185306.451:ERROR:process_memory_win.cc(73)] ReadMemory at 0x1f19a49c970 of 132 bytes failed: Only part of a ReadProcessMemory or WriteProcessMemory request was completed. (0x12B)
[0123/185306.451:ERROR:process_memory_win.cc(73)] ReadMemory at 0x1f19a49cb80 of 132 bytes failed: Only part of a ReadProcessMemory or WriteProcessMemory request was completed. (0x12B)
[0123/185306.451:ERROR:process_memory_win.cc(73)] ReadMemory at 0x1f19a49cea0 of 132 bytes failed: Only part of a ReadProcessMemory or WriteProcessMemory request was completed. (0x12B)
[0123/185306.451:ERROR:process_memory_win.cc(73)] ReadMemory at 0x1f19a49d280 of 132 bytes failed: Only part of a ReadProcessMemory or WriteProcessMemory request was completed. (0x12B)
[0123/185306.451:ERROR:process_memory_win.cc(73)] ReadMemory at 0x1f19a49d3b0 of 132 bytes failed: Only part of a ReadProcessMemory or WriteProcessMemory request was completed. (0x12B)
[0123/185306.451:ERROR:process_memory_win.cc(73)] ReadMemory at 0x1f19a49d4e0 of 132 bytes failed: Only part of a ReadProcessMemory or WriteProcessMemory request was completed. (0x12B)
[0123/185306.451:ERROR:process_memory_win.cc(73)] ReadMemory at 0x1f19a49d610 of 132 bytes failed: Only part of a ReadProcessMemory or WriteProcessMemory request was completed. (0x12B)
[0123/185306.451:ERROR:process_memory_win.cc(73)] ReadMemory at 0x1f19a49e0c0 of 132 bytes failed: Only part of a ReadProcessMemory or WriteProcessMemory request was completed. (0x12B)
[0123/185306.451:ERROR:process_memory_win.cc(73)] ReadMemory at 0x1f19a49e320 of 132 bytes failed: Only part of a ReadProcessMemory or WriteProcessMemory request was completed. (0x12B)
[0123/185306.451:ERROR:process_memory_win.cc(73)] ReadMemory at 0x1f19a49e450 of 132 bytes failed: Only part of a ReadProcessMemory or WriteProcessMemory request was completed. (0x12B)
[0123/185306.451:ERROR:process_memory_win.cc(73)] ReadMemory at 0x1f19a49e580 of 132 bytes failed: Only part of a ReadProcessMemory or WriteProcessMemory request was completed. (0x12B)
[0123/185306.451:ERROR:process_memory_win.cc(73)] ReadMemory at 0x1f19a49e910 of 132 bytes failed: Only part of a ReadProcessMemory or WriteProcessMemory request was completed. (0x12B)
[0123/185306.452:ERROR:process_memory_win.cc(73)] ReadMemory at 0x1f19a49eca0 of 132 bytes failed: Only part of a ReadProcessMemory or WriteProcessMemory request was completed. (0x12B)
[0123/185306.452:ERROR:process_memory_win.cc(73)] ReadMemory at 0x1f19a4b5520 of 512 bytes failed: Only part of a ReadProcessMemory or WriteProcessMemory request was completed. (0x12B)
[0123/185306.452:ERROR:process_memory_win.cc(73)] ReadMemory at 0x1f19a4f39b0 of 512 bytes failed: Only part of a ReadProcessMemory or WriteProcessMemory request was completed. (0x12B)
[0123/185306.452:ERROR:process_memory_win.cc(73)] ReadMemory at 0x1f19a4f3ee0 of 512 bytes failed: Only part of a ReadProcessMemory or WriteProcessMemory request was completed. (0x12B)
[0123/185306.452:ERROR:process_memory_win.cc(73)] ReadMemory at 0x1f19a511720 of 512 bytes failed: Only part of a ReadProcessMemory or WriteProcessMemory request was completed. (0x12B)
[0123/185306.452:ERROR:process_memory_win.cc(73)] ReadMemory at 0x1f19a52a7f0 of 712 bytes failed: Only part of a ReadProcessMemory or WriteProcessMemory request was completed. (0x12B)
[0123/185306.452:ERROR:process_memory_win.cc(73)] ReadMemory at 0x1f19a52dbd0 of 512 bytes failed: Only part of a ReadProcessMemory or WriteProcessMemory request was completed. (0x12B)
[0123/185306.452:ERROR:process_memory_win.cc(73)] ReadMemory at 0x1f19a535d70 of 512 bytes failed: Only part of a ReadProcessMemory or WriteProcessMemory request was completed. (0x12B)
[0123/185306.452:ERROR:process_memory_win.cc(73)] ReadMemory at 0x1f19a56ce00 of 512 bytes failed: Only part of a ReadProcessMemory or WriteProcessMemory request was completed. (0x12B)
[0123/185306.452:ERROR:process_memory_win.cc(73)] ReadMemory at 0x1f19a591c00 of 512 bytes failed: Only part of a ReadProcessMemory or WriteProcessMemory request was completed. (0x12B)
[0123/185306.452:ERROR:process_memory_win.cc(73)] ReadMemory at 0x1f19bed95e8 of 512 bytes failed: Only part of a ReadProcessMemory or WriteProcessMemory request was completed. (0x12B)
[0123/185306.452:ERROR:process_memory_win.cc(73)] ReadMemory at 0x1f19bed98b8 of 512 bytes failed: Only part of a ReadProcessMemory or WriteProcessMemory request was completed. (0x12B)
[0123/185306.452:ERROR:process_memory_win.cc(73)] ReadMemory at 0x1f19bed9af8 of 512 bytes failed: Only part of a ReadProcessMemory or WriteProcessMemory request was completed. (0x12B)
[0123/185306.452:ERROR:process_memory_win.cc(73)] ReadMemory at 0x1f19bee0232 of 724 bytes failed: Only part of a ReadProcessMemory or WriteProcessMemory request was completed. (0x12B)
[0123/185306.453:ERROR:process_memory_win.cc(73)] ReadMemory at 0x1f19bee0546 of 512 bytes failed: Only part of a ReadProcessMemory or WriteProcessMemory request was completed. (0x12B)
[0123/185306.453:ERROR:process_memory_win.cc(73)] ReadMemory at 0x1f19bf9e348 of 512 bytes failed: Only part of a ReadProcessMemory or WriteProcessMemory request was completed. (0x12B)
[0123/185306.453:ERROR:process_memory_win.cc(73)] ReadMemory at 0x1f19bfc86f0 of 512 bytes failed: Only part of a ReadProcessMemory or WriteProcessMemory request was completed. (0x12B)
[0123/185306.453:ERROR:process_memory_win.cc(73)] ReadMemory at 0x1f19c0a1500 of 512 bytes failed: Only part of a ReadProcessMemory or WriteProcessMemory request was completed. (0x12B)
[0123/185306.453:ERROR:process_memory_win.cc(73)] ReadMemory at 0x1f19c13d197 of 512 bytes failed: Only part of a ReadProcessMemory or WriteProcessMemory request was completed. (0x12B)
[0123/185306.453:ERROR:process_memory_win.cc(73)] ReadMemory at 0x1f19df80660 of 512 bytes failed: Only part of a ReadProcessMemory or WriteProcessMemory request was completed. (0x12B)
[0123/185306.453:ERROR:process_memory_win.cc(73)] ReadMemory at 0x273b78f1a028 of 512 bytes failed: Only part of a ReadProcessMemory or WriteProcessMemory request was completed. (0x12B)
[0123/185306.453:ERROR:process_memory_win.cc(73)] ReadMemory at 0x50bd0711c4e0 of 832 bytes failed: Only part of a ReadProcessMemory or WriteProcessMemory request was completed. (0x12B)
[0123/185306.453:ERROR:process_memory_win.cc(73)] ReadMemory at 0x50bd07150540 of 512 bytes failed: Only part of a ReadProcessMemory or WriteProcessMemory request was completed. (0x12B)
[0123/185306.453:ERROR:process_memory_win.cc(73)] ReadMemory at 0x50bd07818780 of 512 bytes failed: Only part of a ReadProcessMemory or WriteProcessMemory request was completed. (0x12B)
[0123/185306.453:ERROR:process_memory_win.cc(73)] ReadMemory at 0x50bd07818ba8 of 512 bytes failed: Only part of a ReadProcessMemory or WriteProcessMemory request was completed. (0x12B)
[0123/185306.453:ERROR:process_memory_win.cc(73)] ReadMemory at 0x7ff814c31fd0 of 512 bytes failed: Only part of a ReadProcessMemory or WriteProcessMemory request was completed. (0x12B)
[0123/185306.453:ERROR:process_memory_win.cc(73)] ReadMemory at 0x7ff81681c6f4 of 672 bytes failed: Only part of a ReadProcessMemory or WriteProcessMemory request was completed. (0x12B)
[0123/185306.453:ERROR:process_memory_win.cc(73)] ReadMemory at 0x7ff81681ffa4 of 608 bytes failed: Only part of a ReadProcessMemory or WriteProcessMemory request was completed. (0x12B)
[0123/185306.454:ERROR:process_memory_win.cc(73)] ReadMemory at 0x7ff8168ac428 of 18 bytes failed: Only part of a ReadProcessMemory or WriteProcessMemory request was completed. (0x12B)
[0123/185306.454:ERROR:process_memory_win.cc(73)] ReadMemory at 0x7ff8168df4f8 of 40 bytes failed: Only part of a ReadProcessMemory or WriteProcessMemory request was completed. (0x12B)
[0123/185306.454:ERROR:process_memory_win.cc(73)] ReadMemory at 0x7ff8168df978 of 48 bytes failed: Only part of a ReadProcessMemory or WriteProcessMemory request was completed. (0x12B)
[0123/185306.454:ERROR:process_memory_win.cc(73)] ReadMemory at 0x7ff8168e53c0 of 64 bytes failed: Only part of a ReadProcessMemory or WriteProcessMemory request was completed. (0x12B)
[0123/185306.454:ERROR:process_memory_win.cc(73)] ReadMemory at 0x7fffc45b56d0 of 518 bytes failed: Only part of a ReadProcessMemory or WriteProcessMemory request was completed. (0x12B)
[0123/185306.454:ERROR:process_memory_win.cc(73)] ReadMemory at 0x7fffcba933c0 of 512 bytes failed: Only part of a ReadProcessMemory or WriteProcessMemory request was completed. (0x12B)
[0123/185306.454:ERROR:process_memory_win.cc(73)] ReadMemory at 0x7fffcc251f60 of 512 bytes failed: Only part of a ReadProcessMemory or WriteProcessMemory request was completed. (0x12B)
[0123/185306.454:ERROR:process_memory_win.cc(73)] ReadMemory at 0x7fffee57a8b7 of 512 bytes failed: Only part of a ReadProcessMemory or WriteProcessMemory request was completed. (0x12B)
[0123/185307.055:ERROR:scoped_process_suspend.cc(40)] NtResumeProcess: An attempt was made to access an exiting process. (0xc000010a)
